This file contains any messages produced by compilers while
running configure, to aid debugging if configure makes a mistake.

It was created by HarfBuzz configure 1.3.3, which was
generated by GNU Autoconf 2.69.  Invocation command line was

  $ ./configure --with-glib=no

## --------- ##
## Platform. ##
## --------- ##

hostname = mbp-arielm.local
uname -m = x86_64
uname -r = 15.6.0
uname -s = Darwin
uname -v = Darwin Kernel Version 15.6.0: Thu Jun 23 18:25:34 PDT 2016; root:xnu-3248.60.10~1/RELEASE_X86_64

/usr/bin/uname -p = i386
/bin/uname -X     = unknown

/bin/arch              = unknown
/usr/bin/arch -k       = unknown
/usr/convex/getsysinfo = unknown
/usr/bin/hostinfo      = Mach kernel version:
	 Darwin Kernel Version 15.6.0: Thu Jun 23 18:25:34 PDT 2016; root:xnu-3248.60.10~1/RELEASE_X86_64
Kernel configured for up to 8 processors.
4 processors are physically available.
8 processors are logically available.
Processor type: x86_64h (Intel x86-64h Haswell)
Processors active: 0 1 2 3 4 5 6 7
Primary memory available: 16.00 gigabytes
Default processor set: 268 tasks, 1383 threads, 8 processors
Load average: 0.32, Mach factor: 7.67
/bin/machine           = unknown
/usr/bin/oslevel       = unknown
/bin/universe          = unknown

PATH: /Users/arielm/.rvm/gems/ruby-2.2.4/bin
PATH: /Users/arielm/.rvm/gems/ruby-2.2.4@global/bin
PATH: /Users/arielm/.rvm/rubies/ruby-2.2.4/bin
PATH: /Users/arielm/mxe/usr/bin
PATH: /opt/local/bin
PATH: /opt/local/sbin
PATH: /usr/local/bin
PATH: /usr/bin
PATH: /bin
PATH: /usr/sbin
PATH: /sbin
PATH: /opt/X11/bin
PATH: /usr/local/MacGPG2/bin
PATH: /Users/arielm/android-sdk/tools
PATH: /Users/arielm/android-sdk/platform-tools
PATH: /Users/arielm/android-ndk
PATH: /Users/arielm/ant/bin
PATH: /Users/arielm/emscripten
PATH: /Applications/Android Studio.app/Contents/gradle/gradle-2.2.1/bin
PATH: /Users/arielm/.rvm/bin


## ----------- ##
## Core tests. ##
## ----------- ##

configure:2918: checking for a BSD-compatible install
configure:2986: result: /usr/bin/install -c
configure:2997: checking whether build environment is sane
configure:3052: result: yes
configure:3203: checking for a thread-safe mkdir -p
configure:3242: result: ./install-sh -c -d
configure:3249: checking for gawk
configure:3279: result: no
configure:3249: checking for mawk
configure:3279: result: no
configure:3249: checking for nawk
configure:3279: result: no
configure:3249: checking for awk
configure:3265: found /usr/bin/awk
configure:3276: result: awk
configure:3287: checking whether make sets $(MAKE)
configure:3309: result: yes
configure:3338: checking whether make supports nested variables
configure:3355: result: yes
configure:3435: checking whether UID '501' is supported by ustar format
configure:3438: result: yes
configure:3445: checking whether GID '20' is supported by ustar format
configure:3448: result: yes
configure:3456: checking how to create a ustar tar archive
configure:3467: tar --version
bsdtar 2.8.3 - libarchive 2.8.3
configure:3470: $? = 0
configure:3510: tardir=conftest.dir && eval tar --format=ustar -chf - "$tardir" >conftest.tar
configure:3513: $? = 0
configure:3517: tar -xf - <conftest.tar
configure:3520: $? = 0
configure:3522: cat conftest.dir/file
GrepMe
configure:3525: $? = 0
configure:3538: result: gnutar
configure:3607: checking whether make supports nested variables
configure:3624: result: yes
configure:3649: checking for style of include used by make
configure:3677: result: GNU
configure:3748: checking for gcc
configure:3764: found /usr/bin/gcc
configure:3775: result: gcc
configure:4004: checking for C compiler version
configure:4013: gcc --version >&5
Apple LLVM version 7.3.0 (clang-703.0.31)
Target: x86_64-apple-darwin15.6.0
Thread model: posix
InstalledDir: /Applications/Xcode.app/Contents/Developer/Toolchains/XcodeDefault.xctoolchain/usr/bin
Configured with: --prefix=/Applications/Xcode.app/Contents/Developer/usr --with-gxx-include-dir=/Applications/Xcode.app/Contents/Developer/Platforms/MacOSX.platform/Developer/SDKs/MacOSX10.11.sdk/usr/include/c++/4.2.1
configure:4024: $? = 0
configure:4013: gcc -v >&5
Configured with: --prefix=/Applications/Xcode.app/Contents/Developer/usr --with-gxx-include-dir=/Applications/Xcode.app/Contents/Developer/Platforms/MacOSX.platform/Developer/SDKs/MacOSX10.11.sdk/usr/include/c++/4.2.1
Apple LLVM version 7.3.0 (clang-703.0.31)
Target: x86_64-apple-darwin15.6.0
Thread model: posix
InstalledDir: /Applications/Xcode.app/Contents/Developer/Toolchains/XcodeDefault.xctoolchain/usr/bin
configure:4024: $? = 0
configure:4013: gcc -V >&5
clang: error: argument to '-V' is missing (expected 1 value)
clang: error: no input files
configure:4024: $? = 1
configure:4013: gcc -qversion >&5
clang: error: unknown argument: '-qversion'
clang: error: no input files
configure:4024: $? = 1
configure:4044: checking whether the C compiler works
configure:4066: gcc    conftest.c  >&5
configure:4070: $? = 0
configure:4118: result: yes
configure:4121: checking for C compiler default output file name
configure:4123: result: a.out
configure:4129: checking for suffix of executables
configure:4136: gcc -o conftest    conftest.c  >&5
configure:4140: $? = 0
configure:4162: result: 
configure:4184: checking whether we are cross compiling
configure:4192: gcc -o conftest    conftest.c  >&5
configure:4196: $? = 0
configure:4203: ./conftest
configure:4207: $? = 0
configure:4222: result: no
configure:4227: checking for suffix of object files
configure:4249: gcc -c   conftest.c >&5
configure:4253: $? = 0
configure:4274: result: o
configure:4278: checking whether we are using the GNU C compiler
configure:4297: gcc -c   conftest.c >&5
configure:4297: $? = 0
configure:4306: result: yes
configure:4315: checking whether gcc accepts -g
configure:4335: gcc -c -g  conftest.c >&5
configure:4335: $? = 0
configure:4376: result: yes
configure:4393: checking for gcc option to accept ISO C89
configure:4456: gcc  -c -g -O2  conftest.c >&5
configure:4456: $? = 0
configure:4469: result: none needed
configure:4494: checking whether gcc understands -c and -o together
configure:4516: gcc -c conftest.c -o conftest2.o
configure:4519: $? = 0
configure:4516: gcc -c conftest.c -o conftest2.o
configure:4519: $? = 0
configure:4531: result: yes
configure:4550: checking dependency style of gcc
configure:4661: result: gcc3
configure:4726: checking for ar
configure:4742: found /usr/bin/ar
configure:4753: result: ar
configure:4779: checking the archiver (ar) interface
configure:4795: gcc -c -g -O2  conftest.c >&5
configure:4795: $? = 0
configure:4797: ar cru libconftest.a conftest.o >&5
configure:4800: $? = 0
configure:4828: result: ar
configure:4878: checking build system type
configure:4892: result: x86_64-apple-darwin15.6.0
configure:4912: checking host system type
configure:4925: result: x86_64-apple-darwin15.6.0
configure:4966: checking how to print strings
configure:4993: result: printf
configure:5014: checking for a sed that does not truncate output
configure:5078: result: /usr/bin/sed
configure:5096: checking for grep that handles long lines and -e
configure:5154: result: /usr/bin/grep
configure:5159: checking for egrep
configure:5221: result: /usr/bin/grep -E
configure:5226: checking for fgrep
configure:5288: result: /usr/bin/grep -F
configure:5323: checking for ld used by gcc
configure:5390: result: /Applications/Xcode.app/Contents/Developer/Toolchains/XcodeDefault.xctoolchain/usr/bin/ld
configure:5397: checking if the linker (/Applications/Xcode.app/Contents/Developer/Toolchains/XcodeDefault.xctoolchain/usr/bin/ld) is GNU ld
configure:5412: result: no
configure:5424: checking for BSD- or MS-compatible name lister (nm)
configure:5478: result: /usr/bin/nm -B
configure:5608: checking the name lister (/usr/bin/nm -B) interface
configure:5615: gcc -c -g -O2  conftest.c >&5
configure:5618: /usr/bin/nm -B "conftest.o"
configure:5621: output
0000000000000210 S _some_variable
configure:5628: result: BSD nm
configure:5631: checking whether ln -s works
configure:5635: result: yes
configure:5643: checking the maximum length of command line arguments
configure:5774: result: 196608
configure:5822: checking how to convert x86_64-apple-darwin15.6.0 file names to x86_64-apple-darwin15.6.0 format
configure:5862: result: func_convert_file_noop
configure:5869: checking how to convert x86_64-apple-darwin15.6.0 file names to toolchain format
configure:5889: result: func_convert_file_noop
configure:5896: checking for /Applications/Xcode.app/Contents/Developer/Toolchains/XcodeDefault.xctoolchain/usr/bin/ld option to reload object files
configure:5903: result: -r
configure:5977: checking for objdump
configure:6007: result: no
configure:6036: checking how to recognize dependent libraries
configure:6236: result: pass_all
configure:6321: checking for dlltool
configure:6351: result: no
configure:6381: checking how to associate runtime and link libraries
configure:6408: result: printf %s\n
configure:6532: checking for archiver @FILE support
configure:6549: gcc -c -g -O2  conftest.c >&5
configure:6549: $? = 0
configure:6552: ar cru libconftest.a @conftest.lst >&5
ar: @conftest.lst: No such file or directory
configure:6555: $? = 1
configure:6575: result: no
configure:6633: checking for strip
configure:6649: found /usr/bin/strip
configure:6660: result: strip
configure:6732: checking for ranlib
configure:6748: found /usr/bin/ranlib
configure:6759: result: ranlib
configure:6861: checking command to parse /usr/bin/nm -B output from gcc object
configure:7014: gcc -c -g -O2  conftest.c >&5
configure:7017: $? = 0
configure:7021: /usr/bin/nm -B conftest.o \| sed -n -e 's/^.*[ ]\([BCDEGRST][BCDEGRST]*\)[ ][ ]*\([_A-Za-z][_A-Za-z0-9]*\)$/\1 \2 \2/p' | sed '/ __gnu_lto/d' \> conftest.nm
configure:7024: $? = 0
cannot find nm_test_var in conftest.nm
configure:7014: gcc -c -g -O2  conftest.c >&5
configure:7017: $? = 0
configure:7021: /usr/bin/nm -B conftest.o \| sed -n -e 's/^.*[ ]\([BCDEGRST][BCDEGRST]*\)[ ][ ]*_\([_A-Za-z][_A-Za-z0-9]*\)$/\1 _\2 \2/p' | sed '/ __gnu_lto/d' \> conftest.nm
configure:7024: $? = 0
configure:7090: gcc -o conftest -g -O2   conftest.c conftstm.o >&5
warning: (x86_64)  could not find object file symbol for symbol _main
configure:7093: $? = 0
configure:7131: result: ok
configure:7178: checking for sysroot
configure:7208: result: no
configure:7215: checking for a working dd
configure:7253: result: /bin/dd
configure:7257: checking how to truncate binary pipes
configure:7272: result: /bin/dd bs=4096 count=1
configure:7601: checking for mt
configure:7631: result: no
configure:7651: checking if : is a manifest tool
configure:7657: : '-?'
configure:7665: result: no
configure:7721: checking for dsymutil
configure:7737: found /usr/bin/dsymutil
configure:7748: result: dsymutil
configure:7813: checking for nmedit
configure:7829: found /usr/bin/nmedit
configure:7840: result: nmedit
configure:7905: checking for lipo
configure:7921: found /usr/bin/lipo
configure:7932: result: lipo
configure:7997: checking for otool
configure:8013: found /usr/bin/otool
configure:8024: result: otool
configure:8089: checking for otool64
configure:8119: result: no
configure:8164: checking for -single_module linker flag
gcc -g -O2  -o libconftest.dylib -dynamiclib -Wl,-single_module conftest.c
configure:8197: result: yes
configure:8200: checking for -exported_symbols_list linker flag
configure:8220: gcc -o conftest -g -O2   -Wl,-exported_symbols_list,conftest.sym conftest.c  >&5
configure:8220: $? = 0
configure:8230: result: yes
configure:8233: checking for -force_load linker flag
gcc -g -O2 -c -o conftest.o conftest.c
ar cru libconftest.a conftest.o
ranlib libconftest.a
gcc -g -O2  -o conftest conftest.c -Wl,-force_load,./libconftest.a
configure:8265: result: yes
configure:8342: checking how to run the C preprocessor
configure:8373: gcc -E  conftest.c
configure:8373: $? = 0
configure:8387: gcc -E  conftest.c
conftest.c:9:10: fatal error: 'ac_nonexistent.h' file not found
#include <ac_nonexistent.h>
         ^
1 error generated.
configure:8387: $? = 1
configure: failed program was:
| /* confdefs.h */
| #define PACKAGE_NAME "HarfBuzz"
| #define PACKAGE_TARNAME "harfbuzz"
| #define PACKAGE_VERSION "1.3.3"
| #define PACKAGE_STRING "HarfBuzz 1.3.3"
| #define PACKAGE_BUGREPORT "https://github.com/behdad/harfbuzz/issues/new"
| #define PACKAGE_URL "http://harfbuzz.org/"
| /* end confdefs.h.  */
| #include <ac_nonexistent.h>
configure:8412: result: gcc -E
configure:8432: gcc -E  conftest.c
configure:8432: $? = 0
configure:8446: gcc -E  conftest.c
conftest.c:9:10: fatal error: 'ac_nonexistent.h' file not found
#include <ac_nonexistent.h>
         ^
1 error generated.
configure:8446: $? = 1
configure: failed program was:
| /* confdefs.h */
| #define PACKAGE_NAME "HarfBuzz"
| #define PACKAGE_TARNAME "harfbuzz"
| #define PACKAGE_VERSION "1.3.3"
| #define PACKAGE_STRING "HarfBuzz 1.3.3"
| #define PACKAGE_BUGREPORT "https://github.com/behdad/harfbuzz/issues/new"
| #define PACKAGE_URL "http://harfbuzz.org/"
| /* end confdefs.h.  */
| #include <ac_nonexistent.h>
configure:8475: checking for ANSI C header files
configure:8495: gcc -c -g -O2  conftest.c >&5
configure:8495: $? = 0
configure:8568: gcc -o conftest -g -O2   conftest.c  >&5
configure:8568: $? = 0
configure:8568: ./conftest
configure:8568: $? = 0
configure:8579: result: yes
configure:8592: checking for sys/types.h
configure:8592: gcc -c -g -O2  conftest.c >&5
configure:8592: $? = 0
configure:8592: result: yes
configure:8592: checking for sys/stat.h
configure:8592: gcc -c -g -O2  conftest.c >&5
configure:8592: $? = 0
configure:8592: result: yes
configure:8592: checking for stdlib.h
configure:8592: gcc -c -g -O2  conftest.c >&5
configure:8592: $? = 0
configure:8592: result: yes
configure:8592: checking for string.h
configure:8592: gcc -c -g -O2  conftest.c >&5
configure:8592: $? = 0
configure:8592: result: yes
configure:8592: checking for memory.h
configure:8592: gcc -c -g -O2  conftest.c >&5
configure:8592: $? = 0
configure:8592: result: yes
configure:8592: checking for strings.h
configure:8592: gcc -c -g -O2  conftest.c >&5
configure:8592: $? = 0
configure:8592: result: yes
configure:8592: checking for inttypes.h
configure:8592: gcc -c -g -O2  conftest.c >&5
configure:8592: $? = 0
configure:8592: result: yes
configure:8592: checking for stdint.h
configure:8592: gcc -c -g -O2  conftest.c >&5
configure:8592: $? = 0
configure:8592: result: yes
configure:8592: checking for unistd.h
configure:8592: gcc -c -g -O2  conftest.c >&5
configure:8592: $? = 0
configure:8592: result: yes
configure:8606: checking for dlfcn.h
configure:8606: gcc -c -g -O2  conftest.c >&5
configure:8606: $? = 0
configure:8606: result: yes
configure:8861: checking for objdir
configure:8876: result: .libs
configure:9140: checking if gcc supports -fno-rtti -fno-exceptions
configure:9158: gcc -c -g -O2  -fno-rtti -fno-exceptions conftest.c >&5
configure:9162: $? = 0
configure:9175: result: yes
configure:9533: checking for gcc option to produce PIC
configure:9540: result: -fno-common -DPIC
configure:9548: checking if gcc PIC flag -fno-common -DPIC works
configure:9566: gcc -c -g -O2  -fno-common -DPIC -DPIC conftest.c >&5
configure:9570: $? = 0
configure:9583: result: yes
configure:9612: checking if gcc static flag -static works
configure:9640: result: no
configure:9655: checking if gcc supports -c -o file.o
configure:9676: gcc -c -g -O2  -o out/conftest2.o conftest.c >&5
configure:9680: $? = 0
configure:9702: result: yes
configure:9710: checking if gcc supports -c -o file.o
configure:9757: result: yes
configure:9790: checking whether the gcc linker (/Applications/Xcode.app/Contents/Developer/Toolchains/XcodeDefault.xctoolchain/usr/bin/ld) supports shared libraries
configure:11049: result: yes
configure:11289: checking dynamic linker characteristics
configure:12107: result: darwin15.6.0 dyld
configure:12229: checking how to hardcode library paths into programs
configure:12254: result: immediate
configure:12802: checking whether stripping libraries is possible
configure:12816: result: yes
configure:12842: checking if libtool supports shared libraries
configure:12844: result: yes
configure:12847: checking whether to build shared libraries
configure:12872: result: yes
configure:12875: checking whether to build static libraries
configure:12879: result: no
configure:12919: checking minix/config.h usability
configure:12919: gcc -c -g -O2  conftest.c >&5
conftest.c:54:10: fatal error: 'minix/config.h' file not found
#include <minix/config.h>
         ^
1 error generated.
configure:12919: $? = 1
configure: failed program was:
| /* confdefs.h */
| #define PACKAGE_NAME "HarfBuzz"
| #define PACKAGE_TARNAME "harfbuzz"
| #define PACKAGE_VERSION "1.3.3"
| #define PACKAGE_STRING "HarfBuzz 1.3.3"
| #define PACKAGE_BUGREPORT "https://github.com/behdad/harfbuzz/issues/new"
| #define PACKAGE_URL "http://harfbuzz.org/"
| #define STDC_HEADERS 1
| #define HAVE_SYS_TYPES_H 1
| #define HAVE_SYS_STAT_H 1
| #define HAVE_STDLIB_H 1
| #define HAVE_STRING_H 1
| #define HAVE_MEMORY_H 1
| #define HAVE_STRINGS_H 1
| #define HAVE_INTTYPES_H 1
| #define HAVE_STDINT_H 1
| #define HAVE_UNISTD_H 1
| #define HAVE_DLFCN_H 1
| #define LT_OBJDIR ".libs/"
| /* end confdefs.h.  */
| #include <stdio.h>
| #ifdef HAVE_SYS_TYPES_H
| # include <sys/types.h>
| #endif
| #ifdef HAVE_SYS_STAT_H
| # include <sys/stat.h>
| #endif
| #ifdef STDC_HEADERS
| # include <stdlib.h>
| # include <stddef.h>
| #else
| # ifdef HAVE_STDLIB_H
| #  include <stdlib.h>
| # endif
| #endif
| #ifdef HAVE_STRING_H
| # if !defined STDC_HEADERS && defined HAVE_MEMORY_H
| #  include <memory.h>
| # endif
| # include <string.h>
| #endif
| #ifdef HAVE_STRINGS_H
| # include <strings.h>
| #endif
| #ifdef HAVE_INTTYPES_H
| # include <inttypes.h>
| #endif
| #ifdef HAVE_STDINT_H
| # include <stdint.h>
| #endif
| #ifdef HAVE_UNISTD_H
| # include <unistd.h>
| #endif
| #include <minix/config.h>
configure:12919: result: no
configure:12919: checking minix/config.h presence
configure:12919: gcc -E  conftest.c
conftest.c:21:10: fatal error: 'minix/config.h' file not found
#include <minix/config.h>
         ^
1 error generated.
configure:12919: $? = 1
configure: failed program was:
| /* confdefs.h */
| #define PACKAGE_NAME "HarfBuzz"
| #define PACKAGE_TARNAME "harfbuzz"
| #define PACKAGE_VERSION "1.3.3"
| #define PACKAGE_STRING "HarfBuzz 1.3.3"
| #define PACKAGE_BUGREPORT "https://github.com/behdad/harfbuzz/issues/new"
| #define PACKAGE_URL "http://harfbuzz.org/"
| #define STDC_HEADERS 1
| #define HAVE_SYS_TYPES_H 1
| #define HAVE_SYS_STAT_H 1
| #define HAVE_STDLIB_H 1
| #define HAVE_STRING_H 1
| #define HAVE_MEMORY_H 1
| #define HAVE_STRINGS_H 1
| #define HAVE_INTTYPES_H 1
| #define HAVE_STDINT_H 1
| #define HAVE_UNISTD_H 1
| #define HAVE_DLFCN_H 1
| #define LT_OBJDIR ".libs/"
| /* end confdefs.h.  */
| #include <minix/config.h>
configure:12919: result: no
configure:12919: checking for minix/config.h
configure:12919: result: no
configure:12940: checking whether it is safe to define __EXTENSIONS__
configure:12958: gcc -c -g -O2  conftest.c >&5
configure:12958: $? = 0
configure:12965: result: yes
configure:13027: checking for gcc
configure:13054: result: gcc
configure:13283: checking for C compiler version
configure:13292: gcc --version >&5
Apple LLVM version 7.3.0 (clang-703.0.31)
Target: x86_64-apple-darwin15.6.0
Thread model: posix
InstalledDir: /Applications/Xcode.app/Contents/Developer/Toolchains/XcodeDefault.xctoolchain/usr/bin
Configured with: --prefix=/Applications/Xcode.app/Contents/Developer/usr --with-gxx-include-dir=/Applications/Xcode.app/Contents/Developer/Platforms/MacOSX.platform/Developer/SDKs/MacOSX10.11.sdk/usr/include/c++/4.2.1
configure:13303: $? = 0
configure:13292: gcc -v >&5
Configured with: --prefix=/Applications/Xcode.app/Contents/Developer/usr --with-gxx-include-dir=/Applications/Xcode.app/Contents/Developer/Platforms/MacOSX.platform/Developer/SDKs/MacOSX10.11.sdk/usr/include/c++/4.2.1
Apple LLVM version 7.3.0 (clang-703.0.31)
Target: x86_64-apple-darwin15.6.0
Thread model: posix
InstalledDir: /Applications/Xcode.app/Contents/Developer/Toolchains/XcodeDefault.xctoolchain/usr/bin
configure:13303: $? = 0
configure:13292: gcc -V >&5
clang: error: argument to '-V' is missing (expected 1 value)
clang: error: no input files
configure:13303: $? = 1
configure:13292: gcc -qversion >&5
clang: error: unknown argument: '-qversion'
clang: error: no input files
configure:13303: $? = 1
configure:13307: checking whether we are using the GNU C compiler
configure:13335: result: yes
configure:13344: checking whether gcc accepts -g
configure:13405: result: yes
configure:13422: checking for gcc option to accept ISO C89
configure:13498: result: none needed
configure:13523: checking whether gcc understands -c and -o together
configure:13560: result: yes
configure:13579: checking dependency style of gcc
configure:13690: result: gcc3
configure:13764: checking for g++
configure:13780: found /usr/bin/g++
configure:13791: result: g++
configure:13818: checking for C++ compiler version
configure:13827: g++ --version >&5
Apple LLVM version 7.3.0 (clang-703.0.31)
Target: x86_64-apple-darwin15.6.0
Thread model: posix
InstalledDir: /Applications/Xcode.app/Contents/Developer/Toolchains/XcodeDefault.xctoolchain/usr/bin
Configured with: --prefix=/Applications/Xcode.app/Contents/Developer/usr --with-gxx-include-dir=/Applications/Xcode.app/Contents/Developer/Platforms/MacOSX.platform/Developer/SDKs/MacOSX10.11.sdk/usr/include/c++/4.2.1
configure:13838: $? = 0
configure:13827: g++ -v >&5
Configured with: --prefix=/Applications/Xcode.app/Contents/Developer/usr --with-gxx-include-dir=/Applications/Xcode.app/Contents/Developer/Platforms/MacOSX.platform/Developer/SDKs/MacOSX10.11.sdk/usr/include/c++/4.2.1
Apple LLVM version 7.3.0 (clang-703.0.31)
Target: x86_64-apple-darwin15.6.0
Thread model: posix
InstalledDir: /Applications/Xcode.app/Contents/Developer/Toolchains/XcodeDefault.xctoolchain/usr/bin
configure:13838: $? = 0
configure:13827: g++ -V >&5
clang: error: argument to '-V' is missing (expected 1 value)
clang: error: no input files
configure:13838: $? = 1
configure:13827: g++ -qversion >&5
clang: error: unknown argument: '-qversion'
clang: error: no input files
configure:13838: $? = 1
configure:13842: checking whether we are using the GNU C++ compiler
configure:13861: g++ -c   conftest.cpp >&5
configure:13861: $? = 0
configure:13870: result: yes
configure:13879: checking whether g++ accepts -g
configure:13899: g++ -c -g  conftest.cpp >&5
configure:13899: $? = 0
configure:13940: result: yes
configure:13965: checking dependency style of g++
configure:14076: result: gcc3
configure:14109: checking how to run the C++ preprocessor
configure:14136: g++ -E  conftest.cpp
configure:14136: $? = 0
configure:14150: g++ -E  conftest.cpp
conftest.cpp:26:10: fatal error: 'ac_nonexistent.h' file not found
#include <ac_nonexistent.h>
         ^
1 error generated.
configure:14150: $? = 1
configure: failed program was:
| /* confdefs.h */
| #define PACKAGE_NAME "HarfBuzz"
| #define PACKAGE_TARNAME "harfbuzz"
| #define PACKAGE_VERSION "1.3.3"
| #define PACKAGE_STRING "HarfBuzz 1.3.3"
| #define PACKAGE_BUGREPORT "https://github.com/behdad/harfbuzz/issues/new"
| #define PACKAGE_URL "http://harfbuzz.org/"
| #define STDC_HEADERS 1
| #define HAVE_SYS_TYPES_H 1
| #define HAVE_SYS_STAT_H 1
| #define HAVE_STDLIB_H 1
| #define HAVE_STRING_H 1
| #define HAVE_MEMORY_H 1
| #define HAVE_STRINGS_H 1
| #define HAVE_INTTYPES_H 1
| #define HAVE_STDINT_H 1
| #define HAVE_UNISTD_H 1
| #define HAVE_DLFCN_H 1
| #define LT_OBJDIR ".libs/"
| #define __EXTENSIONS__ 1
| #define _ALL_SOURCE 1
| #define _GNU_SOURCE 1
| #define _POSIX_PTHREAD_SEMANTICS 1
| #define _TANDEM_SOURCE 1
| /* end confdefs.h.  */
| #include <ac_nonexistent.h>
configure:14175: result: g++ -E
configure:14195: g++ -E  conftest.cpp
configure:14195: $? = 0
configure:14209: g++ -E  conftest.cpp
conftest.cpp:26:10: fatal error: 'ac_nonexistent.h' file not found
#include <ac_nonexistent.h>
         ^
1 error generated.
configure:14209: $? = 1
configure: failed program was:
| /* confdefs.h */
| #define PACKAGE_NAME "HarfBuzz"
| #define PACKAGE_TARNAME "harfbuzz"
| #define PACKAGE_VERSION "1.3.3"
| #define PACKAGE_STRING "HarfBuzz 1.3.3"
| #define PACKAGE_BUGREPORT "https://github.com/behdad/harfbuzz/issues/new"
| #define PACKAGE_URL "http://harfbuzz.org/"
| #define STDC_HEADERS 1
| #define HAVE_SYS_TYPES_H 1
| #define HAVE_SYS_STAT_H 1
| #define HAVE_STDLIB_H 1
| #define HAVE_STRING_H 1
| #define HAVE_MEMORY_H 1
| #define HAVE_STRINGS_H 1
| #define HAVE_INTTYPES_H 1
| #define HAVE_STDINT_H 1
| #define HAVE_UNISTD_H 1
| #define HAVE_DLFCN_H 1
| #define LT_OBJDIR ".libs/"
| #define __EXTENSIONS__ 1
| #define _ALL_SOURCE 1
| #define _GNU_SOURCE 1
| #define _POSIX_PTHREAD_SEMANTICS 1
| #define _TANDEM_SOURCE 1
| /* end confdefs.h.  */
| #include <ac_nonexistent.h>
configure:14371: checking for ld used by g++
configure:14438: result: /Applications/Xcode.app/Contents/Developer/Toolchains/XcodeDefault.xctoolchain/usr/bin/ld
configure:14445: checking if the linker (/Applications/Xcode.app/Contents/Developer/Toolchains/XcodeDefault.xctoolchain/usr/bin/ld) is GNU ld
configure:14460: result: no
configure:14515: checking whether the g++ linker (/Applications/Xcode.app/Contents/Developer/Toolchains/XcodeDefault.xctoolchain/usr/bin/ld) supports shared libraries
configure:15588: result: yes
configure:15624: g++ -c -g -O2  conftest.cpp >&5
configure:15627: $? = 0
configure:16108: checking for g++ option to produce PIC
configure:16115: result: -fno-common -DPIC
configure:16123: checking if g++ PIC flag -fno-common -DPIC works
configure:16141: g++ -c -g -O2  -fno-common -DPIC -DPIC conftest.cpp >&5
configure:16145: $? = 0
configure:16158: result: yes
configure:16181: checking if g++ static flag -static works
configure:16209: result: no
configure:16221: checking if g++ supports -c -o file.o
configure:16242: g++ -c -g -O2  -o out/conftest2.o conftest.cpp >&5
configure:16246: $? = 0
configure:16268: result: yes
configure:16273: checking if g++ supports -c -o file.o
configure:16320: result: yes
configure:16350: checking whether the g++ linker (/Applications/Xcode.app/Contents/Developer/Toolchains/XcodeDefault.xctoolchain/usr/bin/ld) supports shared libraries
configure:16390: result: yes
configure:16531: checking dynamic linker characteristics
configure:17276: result: darwin15.6.0 dyld
configure:17341: checking how to hardcode library paths into programs
configure:17366: result: immediate
configure:17413: checking for special C compiler options needed for large files
configure:17458: result: no
configure:17464: checking for _FILE_OFFSET_BITS value needed for large files
configure:17489: gcc -c -g -O2  conftest.c >&5
configure:17489: $? = 0
configure:17521: result: no
configure:17655: checking for pkg-config
configure:17673: found /usr/local/bin/pkg-config
configure:17685: result: /usr/local/bin/pkg-config
configure:17710: checking pkg-config is at least version 0.20
configure:17713: result: yes
configure:17758: checking for gtk-doc
configure:17761: $PKG_CONFIG --exists --print-errors "$gtk_doc_requires"
configure:17764: $? = 0
configure:17770: result: yes
configure:17784: checking for gtkdoc-check
configure:17800: found /usr/local/bin/gtkdoc-check
configure:17811: result: gtkdoc-check.test
configure:17821: checking for gtkdoc-check
configure:17839: found /usr/local/bin/gtkdoc-check
configure:17851: result: /usr/local/bin/gtkdoc-check
configure:17863: checking for gtkdoc-rebase
configure:17881: found /usr/local/bin/gtkdoc-rebase
configure:17893: result: /usr/local/bin/gtkdoc-rebase
configure:17907: checking for gtkdoc-mkpdf
configure:17925: found /usr/local/bin/gtkdoc-mkpdf
configure:17937: result: /usr/local/bin/gtkdoc-mkpdf
configure:17965: checking whether to build gtk-doc documentation
configure:17967: result: no
configure:17980: checking for GTKDOC_DEPS
configure:17988: $PKG_CONFIG --exists --print-errors "glib-2.0 >= 2.10.0 gobject-2.0  >= 2.10.0"
configure:17991: $? = 0
configure:18006: $PKG_CONFIG --exists --print-errors "glib-2.0 >= 2.10.0 gobject-2.0  >= 2.10.0"
configure:18009: $? = 0
configure:18045: result: yes
configure:18133: checking for atexit
configure:18133: gcc -o conftest -g -O2   conftest.c  >&5
configure:18133: $? = 0
configure:18133: result: yes
configure:18133: checking for mprotect
configure:18133: gcc -o conftest -g -O2   conftest.c  >&5
configure:18133: $? = 0
configure:18133: result: yes
configure:18133: checking for sysconf
configure:18133: gcc -o conftest -g -O2   conftest.c  >&5
configure:18133: $? = 0
configure:18133: result: yes
configure:18133: checking for getpagesize
configure:18133: gcc -o conftest -g -O2   conftest.c  >&5
configure:18133: $? = 0
configure:18133: result: yes
configure:18133: checking for mmap
configure:18133: gcc -o conftest -g -O2   conftest.c  >&5
configure:18133: $? = 0
configure:18133: result: yes
configure:18133: checking for isatty
configure:18133: gcc -o conftest -g -O2   conftest.c  >&5
configure:18133: $? = 0
configure:18133: result: yes
configure:18145: checking for unistd.h
configure:18145: result: yes
configure:18145: checking sys/mman.h usability
configure:18145: gcc -c -g -O2  conftest.c >&5
configure:18145: $? = 0
configure:18145: result: yes
configure:18145: checking sys/mman.h presence
configure:18145: gcc -E  conftest.c
configure:18145: $? = 0
configure:18145: result: yes
configure:18145: checking for sys/mman.h
configure:18145: result: yes
configure:18160: checking alignment of struct{char;}
configure:18165: gcc -o conftest -g -O2   conftest.c  >&5
conftest.c:70:33: warning: declaration does not declare anything [-Wmissing-declarations]
typedef struct { char x; struct{char;} y; } ac__type_alignof_;
                                ^~~~
1 warning generated.
configure:18165: $? = 0
configure:18165: ./conftest
configure:18165: $? = 0
configure:18183: result: 1
configure:18233: checking for native Win32
configure:18240: result: no
configure:18371: checking whether pthreads work with -pthread
configure:18459: gcc -o conftest -g -O2 -pthread   -Bsymbolic-functions conftest.c   >&5
configure:18459: $? = 0
configure:18468: result: yes
configure:18487: checking for joinable pthread attribute
configure:18502: gcc -o conftest -g -O2 -pthread   -Bsymbolic-functions conftest.c   >&5
configure:18502: $? = 0
configure:18508: result: PTHREAD_CREATE_JOINABLE
configure:18518: checking if more special flags are required for pthreads
configure:18532: result: -D_THREAD_SAFE
configure:18538: checking for PTHREAD_PRIO_INHERIT
configure:18556: gcc -o conftest -g -O2 -pthread   -Bsymbolic-functions conftest.c   >&5
configure:18556: $? = 0
configure:18565: result: yes
configure:18925: checking for CAIRO
configure:18933: $PKG_CONFIG --exists --print-errors "cairo >= 1.8.0"
Package cairo was not found in the pkg-config search path.
Perhaps you should add the directory containing `cairo.pc'
to the PKG_CONFIG_PATH environment variable
No package 'cairo' found
configure:18936: $? = 1
configure:18951: $PKG_CONFIG --exists --print-errors "cairo >= 1.8.0"
Package cairo was not found in the pkg-config search path.
Perhaps you should add the directory containing `cairo.pc'
to the PKG_CONFIG_PATH environment variable
No package 'cairo' found
configure:18954: $? = 1
No package 'cairo' found
configure:18982: result: no
configure:19113: checking for FONTCONFIG
configure:19121: $PKG_CONFIG --exists --print-errors "fontconfig"
configure:19124: $? = 0
configure:19139: $PKG_CONFIG --exists --print-errors "fontconfig"
configure:19142: $? = 0
configure:19178: result: yes
configure:19213: checking for ICU
configure:19221: $PKG_CONFIG --exists --print-errors "icu-uc"
Package icu-uc was not found in the pkg-config search path.
Perhaps you should add the directory containing `icu-uc.pc'
to the PKG_CONFIG_PATH environment variable
No package 'icu-uc' found
configure:19224: $? = 1
configure:19239: $PKG_CONFIG --exists --print-errors "icu-uc"
Package icu-uc was not found in the pkg-config search path.
Perhaps you should add the directory containing `icu-uc.pc'
to the PKG_CONFIG_PATH environment variable
No package 'icu-uc' found
configure:19242: $? = 1
No package 'icu-uc' found
configure:19270: result: no
configure:19327: checking for icu-config
configure:19357: result: no
configure:19376: checking for ICU by using icu-config fallback
configure:19390: result: no
configure:19581: checking for FREETYPE
configure:19589: $PKG_CONFIG --exists --print-errors "$FREETYPE_DEPS"
configure:19592: $? = 0
configure:19607: $PKG_CONFIG --exists --print-errors "$FREETYPE_DEPS"
configure:19610: $? = 0
configure:19646: result: yes
configure:19833: checking for Intel atomic primitives
configure:19856: gcc -o conftest -g -O2   -Bsymbolic-functions conftest.c  >&5
configure:19856: $? = 0
configure:19864: result: true
configure:19873: checking for Solaris atomic operations
configure:19898: gcc -o conftest -g -O2   -Bsymbolic-functions conftest.c  >&5
conftest.c:44:12: fatal error: 'atomic.h' file not found
                #include <atomic.h>
                         ^
1 error generated.
configure:19898: $? = 1
configure: failed program was:
| /* confdefs.h */
| #define PACKAGE_NAME "HarfBuzz"
| #define PACKAGE_TARNAME "harfbuzz"
| #define PACKAGE_VERSION "1.3.3"
| #define PACKAGE_STRING "HarfBuzz 1.3.3"
| #define PACKAGE_BUGREPORT "https://github.com/behdad/harfbuzz/issues/new"
| #define PACKAGE_URL "http://harfbuzz.org/"
| #define STDC_HEADERS 1
| #define HAVE_SYS_TYPES_H 1
| #define HAVE_SYS_STAT_H 1
| #define HAVE_STDLIB_H 1
| #define HAVE_STRING_H 1
| #define HAVE_MEMORY_H 1
| #define HAVE_STRINGS_H 1
| #define HAVE_INTTYPES_H 1
| #define HAVE_STDINT_H 1
| #define HAVE_UNISTD_H 1
| #define HAVE_DLFCN_H 1
| #define LT_OBJDIR ".libs/"
| #define __EXTENSIONS__ 1
| #define _ALL_SOURCE 1
| #define _GNU_SOURCE 1
| #define _POSIX_PTHREAD_SEMANTICS 1
| #define _TANDEM_SOURCE 1
| #define HAVE_ATEXIT 1
| #define HAVE_MPROTECT 1
| #define HAVE_SYSCONF 1
| #define HAVE_GETPAGESIZE 1
| #define HAVE_MMAP 1
| #define HAVE_ISATTY 1
| #define HAVE_UNISTD_H 1
| #define HAVE_SYS_MMAN_H 1
| #define ALIGNOF_STRUCT_CHAR__ 1
| #define HAVE_PTHREAD_PRIO_INHERIT 1
| #define HAVE_PTHREAD 1
| #define HAVE_OT 1
| #define HAVE_FALLBACK 1
| #define HAVE_FONTCONFIG 1
| #define HAVE_UCDN 1
| #define HAVE_FREETYPE 1
| #define HAVE_INTEL_ATOMIC_PRIMITIVES 1
| /* end confdefs.h.  */
| 
| 		#include <atomic.h>
| 		/* This requires Solaris Studio 12.2 or newer: */
| 		#include <mbarrier.h>
| 		void memory_barrier (void) { __machine_rw_barrier (); }
| 		int atomic_add (volatile unsigned *i) { return atomic_add_int_nv (i, 1); }
| 		void *atomic_ptr_cmpxchg (volatile void **target, void *cmp, void *newval) { return atomic_cas_ptr (target, cmp, newval); }
| 
| int
| main ()
| {
| 
|   ;
|   return 0;
| }
configure:19906: result: false
configure:20100: checking that generated files are newer than configure
configure:20106: result: done
configure:20241: creating ./config.status

## ---------------------- ##
## Running config.status. ##
## ---------------------- ##

This file was extended by HarfBuzz config.status 1.3.3, which was
generated by GNU Autoconf 2.69.  Invocation command line was

  CONFIG_FILES    = 
  CONFIG_HEADERS  = 
  CONFIG_LINKS    = 
  CONFIG_COMMANDS = 
  $ ./config.status 

on mbp-arielm.local

config.status:1275: creating Makefile
config.status:1275: creating src/Makefile
config.status:1275: creating src/hb-version.h
config.status:1275: creating src/hb-ucdn/Makefile
config.status:1275: creating util/Makefile
config.status:1275: creating test/Makefile
config.status:1275: creating test/api/Makefile
config.status:1275: creating test/fuzzing/Makefile
config.status:1275: creating test/shaping/Makefile
config.status:1275: creating docs/Makefile
config.status:1275: creating docs/version.xml
config.status:1275: creating win32/Makefile
config.status:1275: creating win32/config.h.win32
config.status:1275: creating config.h
config.status:1504: executing depfiles commands
config.status:1504: executing libtool commands
configure:22691:

Build configuration:

Unicode callbacks (you want at least one):
	Glib:			false
	ICU:			false
	UCDN:			true

Font callbacks (the more the better):
	FreeType:		true

Tools used for command-line utilities:
	Cairo:			false
	Fontconfig:		true

Additional shapers (the more the better):
	Graphite2:		false

Platform shapers (not normally needed):
	CoreText:		false
	Uniscribe:		false
	DirectWrite:		false

Other features:
	Documentation:		yes
	GObject bindings:	false
	Introspection:		false


## ---------------- ##
## Cache variables. ##
## ---------------- ##

ac_cv_alignof_struct_char__=1
ac_cv_build=x86_64-apple-darwin15.6.0
ac_cv_c_compiler_gnu=yes
ac_cv_cxx_compiler_gnu=yes
ac_cv_env_CAIRO_CFLAGS_set=
ac_cv_env_CAIRO_CFLAGS_value=
ac_cv_env_CAIRO_FT_CFLAGS_set=
ac_cv_env_CAIRO_FT_CFLAGS_value=
ac_cv_env_CAIRO_FT_LIBS_set=
ac_cv_env_CAIRO_FT_LIBS_value=
ac_cv_env_CAIRO_LIBS_set=
ac_cv_env_CAIRO_LIBS_value=
ac_cv_env_CCC_set=
ac_cv_env_CCC_value=
ac_cv_env_CC_set=
ac_cv_env_CC_value=
ac_cv_env_CFLAGS_set=
ac_cv_env_CFLAGS_value=
ac_cv_env_CPPFLAGS_set=
ac_cv_env_CPPFLAGS_value=
ac_cv_env_CPP_set=
ac_cv_env_CPP_value=
ac_cv_env_CXXCPP_set=
ac_cv_env_CXXCPP_value=
ac_cv_env_CXXFLAGS_set=
ac_cv_env_CXXFLAGS_value=
ac_cv_env_CXX_set=
ac_cv_env_CXX_value=
ac_cv_env_FONTCONFIG_CFLAGS_set=
ac_cv_env_FONTCONFIG_CFLAGS_value=
ac_cv_env_FONTCONFIG_LIBS_set=
ac_cv_env_FONTCONFIG_LIBS_value=
ac_cv_env_FREETYPE_CFLAGS_set=
ac_cv_env_FREETYPE_CFLAGS_value=
ac_cv_env_FREETYPE_LIBS_set=
ac_cv_env_FREETYPE_LIBS_value=
ac_cv_env_GLIB_CFLAGS_set=
ac_cv_env_GLIB_CFLAGS_value=
ac_cv_env_GLIB_LIBS_set=
ac_cv_env_GLIB_LIBS_value=
ac_cv_env_GOBJECT_CFLAGS_set=
ac_cv_env_GOBJECT_CFLAGS_value=
ac_cv_env_GOBJECT_LIBS_set=
ac_cv_env_GOBJECT_LIBS_value=
ac_cv_env_GRAPHITE2_CFLAGS_set=
ac_cv_env_GRAPHITE2_CFLAGS_value=
ac_cv_env_GRAPHITE2_LIBS_set=
ac_cv_env_GRAPHITE2_LIBS_value=
ac_cv_env_GTKDOC_DEPS_CFLAGS_set=
ac_cv_env_GTKDOC_DEPS_CFLAGS_value=
ac_cv_env_GTKDOC_DEPS_LIBS_set=
ac_cv_env_GTKDOC_DEPS_LIBS_value=
ac_cv_env_ICU_CFLAGS_set=
ac_cv_env_ICU_CFLAGS_value=
ac_cv_env_ICU_LIBS_set=
ac_cv_env_ICU_LIBS_value=
ac_cv_env_LDFLAGS_set=
ac_cv_env_LDFLAGS_value=
ac_cv_env_LIBS_set=
ac_cv_env_LIBS_value=
ac_cv_env_LT_SYS_LIBRARY_PATH_set=
ac_cv_env_LT_SYS_LIBRARY_PATH_value=
ac_cv_env_PKG_CONFIG_set=
ac_cv_env_PKG_CONFIG_value=
ac_cv_env_build_alias_set=
ac_cv_env_build_alias_value=
ac_cv_env_host_alias_set=
ac_cv_env_host_alias_value=
ac_cv_env_target_alias_set=
ac_cv_env_target_alias_value=
ac_cv_func_atexit=yes
ac_cv_func_getpagesize=yes
ac_cv_func_isatty=yes
ac_cv_func_mmap=yes
ac_cv_func_mprotect=yes
ac_cv_func_sysconf=yes
ac_cv_header_dlfcn_h=yes
ac_cv_header_inttypes_h=yes
ac_cv_header_memory_h=yes
ac_cv_header_minix_config_h=no
ac_cv_header_stdc=yes
ac_cv_header_stdint_h=yes
ac_cv_header_stdlib_h=yes
ac_cv_header_string_h=yes
ac_cv_header_strings_h=yes
ac_cv_header_sys_mman_h=yes
ac_cv_header_sys_stat_h=yes
ac_cv_header_sys_types_h=yes
ac_cv_header_unistd_h=yes
ac_cv_host=x86_64-apple-darwin15.6.0
ac_cv_objext=o
ac_cv_path_EGREP='/usr/bin/grep -E'
ac_cv_path_FGREP='/usr/bin/grep -F'
ac_cv_path_GREP=/usr/bin/grep
ac_cv_path_GTKDOC_CHECK_PATH=/usr/local/bin/gtkdoc-check
ac_cv_path_GTKDOC_MKPDF=/usr/local/bin/gtkdoc-mkpdf
ac_cv_path_GTKDOC_REBASE=/usr/local/bin/gtkdoc-rebase
ac_cv_path_SED=/usr/bin/sed
ac_cv_path_ac_pt_PKG_CONFIG=/usr/local/bin/pkg-config
ac_cv_path_install='/usr/bin/install -c'
ac_cv_path_lt_DD=/bin/dd
ac_cv_prog_AWK=awk
ac_cv_prog_CPP='gcc -E'
ac_cv_prog_CXXCPP='g++ -E'
ac_cv_prog_GTKDOC_CHECK=gtkdoc-check.test
ac_cv_prog_ac_ct_AR=ar
ac_cv_prog_ac_ct_CC=gcc
ac_cv_prog_ac_ct_CXX=g++
ac_cv_prog_ac_ct_DSYMUTIL=dsymutil
ac_cv_prog_ac_ct_LIPO=lipo
ac_cv_prog_ac_ct_NMEDIT=nmedit
ac_cv_prog_ac_ct_OTOOL=otool
ac_cv_prog_ac_ct_RANLIB=ranlib
ac_cv_prog_ac_ct_STRIP=strip
ac_cv_prog_cc_c89=
ac_cv_prog_cc_g=yes
ac_cv_prog_cxx_g=yes
ac_cv_prog_make_make_set=yes
ac_cv_safe_to_define___extensions__=yes
ac_cv_sys_file_offset_bits=no
ac_cv_sys_largefile_CC=no
am_cv_CC_dependencies_compiler_type=gcc3
am_cv_CXX_dependencies_compiler_type=gcc3
am_cv_ar_interface=ar
am_cv_make_support_nested_variables=yes
am_cv_prog_cc_c_o=yes
am_cv_prog_tar_ustar=gnutar
ax_cv_PTHREAD_PRIO_INHERIT=yes
hb_cv_have_intel_atomic_primitives=true
hb_cv_have_solaris_atomic_ops=false
lt_cv_apple_cc_single_mod=yes
lt_cv_ar_at_file=no
lt_cv_deplibs_check_method=pass_all
lt_cv_file_magic_cmd='$MAGIC_CMD'
lt_cv_file_magic_test_file=
lt_cv_ld_exported_symbols_list=yes
lt_cv_ld_force_load=yes
lt_cv_ld_reload_flag=-r
lt_cv_nm_interface='BSD nm'
lt_cv_objdir=.libs
lt_cv_path_LD=/Applications/Xcode.app/Contents/Developer/Toolchains/XcodeDefault.xctoolchain/usr/bin/ld
lt_cv_path_LDCXX=/Applications/Xcode.app/Contents/Developer/Toolchains/XcodeDefault.xctoolchain/usr/bin/ld
lt_cv_path_NM='/usr/bin/nm -B'
lt_cv_path_mainfest_tool=no
lt_cv_prog_compiler_c_o=yes
lt_cv_prog_compiler_c_o_CXX=yes
lt_cv_prog_compiler_pic='-fno-common -DPIC'
lt_cv_prog_compiler_pic_CXX='-fno-common -DPIC'
lt_cv_prog_compiler_pic_works=yes
lt_cv_prog_compiler_pic_works_CXX=yes
lt_cv_prog_compiler_rtti_exceptions=yes
lt_cv_prog_compiler_static_works=no
lt_cv_prog_compiler_static_works_CXX=no
lt_cv_prog_gnu_ld=no
lt_cv_prog_gnu_ldcxx=no
lt_cv_sharedlib_from_linklib_cmd='printf %s\n'
lt_cv_sys_global_symbol_pipe='sed -n -e '\''s/^.*[	 ]\([BCDEGRST][BCDEGRST]*\)[	 ][	 ]*_\([_A-Za-z][_A-Za-z0-9]*\)$/\1 _\2 \2/p'\'' | sed '\''/ __gnu_lto/d'\'''
lt_cv_sys_global_symbol_to_c_name_address='sed -n -e '\''s/^: \(.*\) .*$/  {"\1", (void *) 0},/p'\'' -e '\''s/^[BCDEGRST][BCDEGRST]* .* \(.*\)$/  {"\1", (void *) \&\1},/p'\'''
lt_cv_sys_global_symbol_to_c_name_address_lib_prefix='sed -n -e '\''s/^: \(.*\) .*$/  {"\1", (void *) 0},/p'\'' -e '\''s/^[BCDEGRST][BCDEGRST]* .* \(lib.*\)$/  {"\1", (void *) \&\1},/p'\'' -e '\''s/^[BCDEGRST][BCDEGRST]* .* \(.*\)$/  {"lib\1", (void *) \&\1},/p'\'''
lt_cv_sys_global_symbol_to_cdecl='sed -n -e '\''s/^T .* \(.*\)$/extern int \1();/p'\'' -e '\''s/^[BCDEGRST][BCDEGRST]* .* \(.*\)$/extern char \1;/p'\'''
lt_cv_sys_global_symbol_to_import=
lt_cv_sys_max_cmd_len=196608
lt_cv_to_host_file_cmd=func_convert_file_noop
lt_cv_to_tool_file_cmd=func_convert_file_noop
lt_cv_truncate_bin='/bin/dd bs=4096 count=1'
pkg_cv_FONTCONFIG_CFLAGS='-I/usr/local/Cellar/fontconfig/2.11.1/include -I/usr/local/Cellar/freetype/2.5.5/include/freetype2'
pkg_cv_FONTCONFIG_LIBS='-L/usr/local/Cellar/fontconfig/2.11.1/lib -L/usr/local/Cellar/freetype/2.5.5/lib -lfontconfig -lfreetype'
pkg_cv_FREETYPE_CFLAGS=-I/usr/local/Cellar/freetype/2.5.5/include/freetype2
pkg_cv_FREETYPE_LIBS='-L/usr/local/Cellar/freetype/2.5.5/lib -lfreetype'
pkg_cv_GTKDOC_DEPS_CFLAGS='-I/usr/local/Cellar/glib/2.50.1/include/glib-2.0 -I/usr/local/Cellar/glib/2.50.1/lib/glib-2.0/include -I/usr/local/opt/gettext/include -I/usr/local/Cellar/pcre/8.39/include'
pkg_cv_GTKDOC_DEPS_LIBS='-L/usr/local/Cellar/glib/2.50.1/lib -L/usr/local/opt/gettext/lib -lgobject-2.0 -lglib-2.0 -lintl'

## ----------------- ##
## Output variables. ##
## ----------------- ##

ACLOCAL='${SHELL} /Users/arielm/Documents/DEV2/chronotext-cross/tree/harfbuzz/src/missing aclocal-1.15'
AMDEPBACKSLASH='\'
AMDEP_FALSE='#'
AMDEP_TRUE=''
AMTAR='$${TAR-tar}'
AM_BACKSLASH='\'
AM_DEFAULT_V='$(AM_DEFAULT_VERBOSITY)'
AM_DEFAULT_VERBOSITY='0'
AM_V='$(V)'
AR='ar'
AUTOCONF='${SHELL} /Users/arielm/Documents/DEV2/chronotext-cross/tree/harfbuzz/src/missing autoconf'
AUTOHEADER='${SHELL} /Users/arielm/Documents/DEV2/chronotext-cross/tree/harfbuzz/src/missing autoheader'
AUTOMAKE='${SHELL} /Users/arielm/Documents/DEV2/chronotext-cross/tree/harfbuzz/src/missing automake-1.15'
AUTOMAKE_OLDER_THAN_1_13_FALSE=''
AUTOMAKE_OLDER_THAN_1_13_TRUE='#'
AWK='awk'
CAIRO_CFLAGS=''
CAIRO_FT_CFLAGS=''
CAIRO_FT_LIBS=''
CAIRO_LIBS=''
CC='gcc'
CCDEPMODE='depmode=gcc3'
CFLAGS='-g -O2'
CORETEXT_CFLAGS=''
CORETEXT_LIBS=''
CPP='gcc -E'
CPPFLAGS=''
CXX='g++'
CXXCPP='g++ -E'
CXXDEPMODE='depmode=gcc3'
CXXFLAGS='-g -O2 -fno-rtti -fno-exceptions -Wcast-align -fvisibility-inlines-hidden'
CYGPATH_W='echo'
DEFS='-DHAVE_CONFIG_H'
DEPDIR='.deps'
DIRECTWRITE_CXXFLAGS=''
DIRECTWRITE_LIBS=''
DLLTOOL='false'
DSYMUTIL='dsymutil'
DUMPBIN=''
ECHO_C='\c'
ECHO_N=''
ECHO_T=''
EGREP='/usr/bin/grep -E'
ENABLE_GTK_DOC_FALSE=''
ENABLE_GTK_DOC_TRUE='#'
EXEEXT=''
FGREP='/usr/bin/grep -F'
FONTCONFIG_CFLAGS='-I/usr/local/Cellar/fontconfig/2.11.1/include -I/usr/local/Cellar/freetype/2.5.5/include/freetype2'
FONTCONFIG_LIBS='-L/usr/local/Cellar/fontconfig/2.11.1/lib -L/usr/local/Cellar/freetype/2.5.5/lib -lfontconfig -lfreetype'
FREETYPE_CFLAGS='-I/usr/local/Cellar/freetype/2.5.5/include/freetype2'
FREETYPE_DEPS='freetype2 >= 12.0.6'
FREETYPE_LIBS='-L/usr/local/Cellar/freetype/2.5.5/lib -lfreetype'
GIT='${SHELL} /Users/arielm/Documents/DEV2/chronotext-cross/tree/harfbuzz/src/missing git'
GLIB_CFLAGS=''
GLIB_DEPS='glib-2.0 >= 2.38'
GLIB_LIBS=''
GLIB_MKENUMS=''
GOBJECT_CFLAGS=''
GOBJECT_LIBS=''
GRAPHITE2_CFLAGS=''
GRAPHITE2_DEPS='graphite2'
GRAPHITE2_LIBS=''
GREP='/usr/bin/grep'
GTKDOC_CHECK='gtkdoc-check.test'
GTKDOC_CHECK_PATH='/usr/local/bin/gtkdoc-check'
GTKDOC_DEPS_CFLAGS='-I/usr/local/Cellar/glib/2.50.1/include/glib-2.0 -I/usr/local/Cellar/glib/2.50.1/lib/glib-2.0/include -I/usr/local/opt/gettext/include -I/usr/local/Cellar/pcre/8.39/include'
GTKDOC_DEPS_LIBS='-L/usr/local/Cellar/glib/2.50.1/lib -L/usr/local/opt/gettext/lib -lgobject-2.0 -lglib-2.0 -lintl'
GTKDOC_MKPDF='/usr/local/bin/gtkdoc-mkpdf'
GTKDOC_REBASE='/usr/local/bin/gtkdoc-rebase'
GTK_DOC_BUILD_HTML_FALSE='#'
GTK_DOC_BUILD_HTML_TRUE=''
GTK_DOC_BUILD_PDF_FALSE=''
GTK_DOC_BUILD_PDF_TRUE='#'
GTK_DOC_USE_LIBTOOL_FALSE='#'
GTK_DOC_USE_LIBTOOL_TRUE=''
GTK_DOC_USE_REBASE_FALSE='#'
GTK_DOC_USE_REBASE_TRUE=''
HAVE_CAIRO_FALSE=''
HAVE_CAIRO_FT_FALSE=''
HAVE_CAIRO_FT_TRUE='#'
HAVE_CAIRO_TRUE='#'
HAVE_CORETEXT_FALSE=''
HAVE_CORETEXT_TRUE='#'
HAVE_DIRECTWRITE_FALSE=''
HAVE_DIRECTWRITE_TRUE='#'
HAVE_FALLBACK_FALSE='#'
HAVE_FALLBACK_TRUE=''
HAVE_FONTCONFIG_FALSE='#'
HAVE_FONTCONFIG_TRUE=''
HAVE_FREETYPE_FALSE='#'
HAVE_FREETYPE_TRUE=''
HAVE_GCC_FALSE='#'
HAVE_GCC_TRUE=''
HAVE_GLIB_FALSE=''
HAVE_GLIB_TRUE='#'
HAVE_GOBJECT_FALSE=''
HAVE_GOBJECT_TRUE='#'
HAVE_GRAPHITE2_FALSE=''
HAVE_GRAPHITE2_TRUE='#'
HAVE_GTK_DOC_FALSE='#'
HAVE_GTK_DOC_TRUE=''
HAVE_ICU_BUILTIN_FALSE=''
HAVE_ICU_BUILTIN_TRUE='#'
HAVE_ICU_FALSE=''
HAVE_ICU_TRUE='#'
HAVE_INTROSPECTION_FALSE=''
HAVE_INTROSPECTION_TRUE='#'
HAVE_OT_FALSE='#'
HAVE_OT_TRUE=''
HAVE_PTHREAD_FALSE='#'
HAVE_PTHREAD_TRUE=''
HAVE_UCDN_FALSE='#'
HAVE_UCDN_TRUE=''
HAVE_UNISCRIBE_FALSE=''
HAVE_UNISCRIBE_TRUE='#'
HB_LIBTOOL_VERSION_INFO='10303:0:10303'
HB_VERSION='1.3.3'
HB_VERSION_MAJOR='1'
HB_VERSION_MICRO='3'
HB_VERSION_MINOR='3'
HTML_DIR='${datadir}/gtk-doc/html'
ICU_CFLAGS=''
ICU_CONFIG='no'
ICU_LIBS=''
INSTALL_DATA='${INSTALL} -m 644'
INSTALL_PROGRAM='${INSTALL}'
INSTALL_SCRIPT='${INSTALL}'
INSTALL_STRIP_PROGRAM='$(install_sh) -c -s'
LD='/Applications/Xcode.app/Contents/Developer/Toolchains/XcodeDefault.xctoolchain/usr/bin/ld'
LDFLAGS=' -Bsymbolic-functions'
LIBOBJS=''
LIBS=''
LIBTOOL='$(SHELL) $(top_builddir)/libtool'
LIPO='lipo'
LN_S='ln -s'
LTLIBOBJS=''
LT_SYS_LIBRARY_PATH=''
MAKEINFO='${SHELL} /Users/arielm/Documents/DEV2/chronotext-cross/tree/harfbuzz/src/missing makeinfo'
MANIFEST_TOOL=':'
MKDIR_P='./install-sh -c -d'
NM='/usr/bin/nm -B'
NMEDIT='nmedit'
OBJDUMP='false'
OBJEXT='o'
OS_WIN32_FALSE=''
OS_WIN32_TRUE='#'
OTOOL64=':'
OTOOL='otool'
PACKAGE='harfbuzz'
PACKAGE_BUGREPORT='https://github.com/behdad/harfbuzz/issues/new'
PACKAGE_NAME='HarfBuzz'
PACKAGE_STRING='HarfBuzz 1.3.3'
PACKAGE_TARNAME='harfbuzz'
PACKAGE_URL='http://harfbuzz.org/'
PACKAGE_VERSION='1.3.3'
PATH_SEPARATOR=':'
PKG_CONFIG='/usr/local/bin/pkg-config'
PTHREAD_CC='gcc'
PTHREAD_CFLAGS='-D_THREAD_SAFE -pthread'
PTHREAD_LIBS=''
RAGEL='${SHELL} /Users/arielm/Documents/DEV2/chronotext-cross/tree/harfbuzz/src/missing ragel'
RANLIB='ranlib'
SED='/usr/bin/sed'
SET_MAKE=''
SHELL='/bin/sh'
STRIP='strip'
UNISCRIBE_CFLAGS=''
UNISCRIBE_LIBS=''
VERSION='1.3.3'
ac_ct_AR='ar'
ac_ct_CC='gcc'
ac_ct_CXX='g++'
ac_ct_DUMPBIN=''
am__EXEEXT_FALSE=''
am__EXEEXT_TRUE='#'
am__fastdepCC_FALSE='#'
am__fastdepCC_TRUE=''
am__fastdepCXX_FALSE='#'
am__fastdepCXX_TRUE=''
am__include='include'
am__isrc=''
am__leading_dot='.'
am__nodep='_no'
am__quote=''
am__tar='tar --format=ustar -chf - "$$tardir"'
am__untar='tar -xf -'
ax_pthread_config=''
bindir='${exec_prefix}/bin'
build='x86_64-apple-darwin15.6.0'
build_alias=''
build_cpu='x86_64'
build_os='darwin15.6.0'
build_vendor='apple'
datadir='${datarootdir}'
datarootdir='${prefix}/share'
docdir='${datarootdir}/doc/${PACKAGE_TARNAME}'
dvidir='${docdir}'
exec_prefix='${prefix}'
host='x86_64-apple-darwin15.6.0'
host_alias=''
host_cpu='x86_64'
host_os='darwin15.6.0'
host_vendor='apple'
htmldir='${docdir}'
includedir='${prefix}/include'
infodir='${datarootdir}/info'
install_sh='${SHELL} /Users/arielm/Documents/DEV2/chronotext-cross/tree/harfbuzz/src/install-sh'
libdir='${exec_prefix}/lib'
libexecdir='${exec_prefix}/libexec'
localedir='${datarootdir}/locale'
localstatedir='${prefix}/var'
mandir='${datarootdir}/man'
mkdir_p='$(MKDIR_P)'
oldincludedir='/usr/include'
pdfdir='${docdir}'
prefix='/usr/local'
program_transform_name='s,x,x,'
psdir='${docdir}'
sbindir='${exec_prefix}/sbin'
sharedstatedir='${prefix}/com'
sysconfdir='${prefix}/etc'
target_alias=''

## ----------- ##
## confdefs.h. ##
## ----------- ##

/* confdefs.h */
#define PACKAGE_NAME "HarfBuzz"
#define PACKAGE_TARNAME "harfbuzz"
#define PACKAGE_VERSION "1.3.3"
#define PACKAGE_STRING "HarfBuzz 1.3.3"
#define PACKAGE_BUGREPORT "https://github.com/behdad/harfbuzz/issues/new"
#define PACKAGE_URL "http://harfbuzz.org/"
#define STDC_HEADERS 1
#define HAVE_SYS_TYPES_H 1
#define HAVE_SYS_STAT_H 1
#define HAVE_STDLIB_H 1
#define HAVE_STRING_H 1
#define HAVE_MEMORY_H 1
#define HAVE_STRINGS_H 1
#define HAVE_INTTYPES_H 1
#define HAVE_STDINT_H 1
#define HAVE_UNISTD_H 1
#define HAVE_DLFCN_H 1
#define LT_OBJDIR ".libs/"
#define __EXTENSIONS__ 1
#define _ALL_SOURCE 1
#define _GNU_SOURCE 1
#define _POSIX_PTHREAD_SEMANTICS 1
#define _TANDEM_SOURCE 1
#define HAVE_ATEXIT 1
#define HAVE_MPROTECT 1
#define HAVE_SYSCONF 1
#define HAVE_GETPAGESIZE 1
#define HAVE_MMAP 1
#define HAVE_ISATTY 1
#define HAVE_UNISTD_H 1
#define HAVE_SYS_MMAN_H 1
#define ALIGNOF_STRUCT_CHAR__ 1
#define HAVE_PTHREAD_PRIO_INHERIT 1
#define HAVE_PTHREAD 1
#define HAVE_OT 1
#define HAVE_FALLBACK 1
#define HAVE_FONTCONFIG 1
#define HAVE_UCDN 1
#define HAVE_FREETYPE 1
#define HAVE_INTEL_ATOMIC_PRIMITIVES 1

configure: exit 0
